<?xml version="1.0" encoding="UTF-8"?>
<testsuite name="ro.ubbcluj.features.search.GithubIsHttpsAvailable" tests="2" skipped="0" failures="0" errors="0" timestamp="2021-05-08T13:02:05" hostname="vladimir-x510unr" time="15.697">
  <properties/>
  <testcase name="isHttpsCodeVisible[0]" classname="ro.ubbcluj.features.search.GithubIsHttpsAvailable" time="7.758"/>
  <testcase name="isHttpsCodeVisible[1]" classname="ro.ubbcluj.features.search.GithubIsHttpsAvailable" time="7.197"/>
  <system-out><![CDATA[]]></system-out>
  <system-err><![CDATA[SLF4J: Failed to load class "org.slf4j.impl.StaticLoggerBinder".
SLF4J: Defaulting to no-operation (NOP) logger implementation
SLF4J: See http://www.slf4j.org/codes.html#StaticLoggerBinder for further details.
Starting ChromeDriver 90.0.4430.24 (4c6d850f087da467d926e8eddb76550aed655991-refs/branch-heads/4430@{#429}) on port 17975
Only local connections are allowed.
Please see https://chromedriver.chromium.org/security-considerations for suggestions on keeping ChromeDriver safe.
ChromeDriver was started successfully.
May 08, 2021 4:02:08 PM org.openqa.selenium.remote.ProtocolHandshake createSession
INFO: Detected dialect: W3C
Starting ChromeDriver 90.0.4430.24 (4c6d850f087da467d926e8eddb76550aed655991-refs/branch-heads/4430@{#429}) on port 14061
Only local connections are allowed.
Please see https://chromedriver.chromium.org/security-considerations for suggestions on keeping ChromeDriver safe.
ChromeDriver was started successfully.
May 08, 2021 4:02:15 PM org.openqa.selenium.remote.ProtocolHandshake createSession
INFO: Detected dialect: W3C
]]></system-err>
</testsuite>
